<?xml version="1.0" encoding="UTF-8"?>
<!-- Generated by org.testng.reporters.JUnitReportReporter -->
<testsuite hostname="DESKTOP-BFHFSAU" failures="0" tests="1" name="basepackage.Executable_class" time="6.281" errors="0" timestamp="2024-07-02T09:48:47 IST" skipped="0">
  <testcase classname="basepackage.Executable_class" name="f" time="6.281"/>
  <system-out/>
</testsuite> <!-- basepackage.Executable_class -->
